<?xml version="1.0" encoding="UTF-8"?>
<!-- Generated by org.testng.reporters.JUnitXMLReporter -->
<testsuite hostname="DESKTOP-S13AG8S" ignored="0" name="Command line test" tests="6" failures="0" timestamp="2020-12-25T16:48:23 IST" time="0.074" errors="0">
  <testcase name="IOSApps" time="0.009" classname="frameworkbuild.AppiumTest"/>
  <testcase name="NativeAppAndroid" time="0.001" classname="frameworkbuild.AppiumTest"/>
  <testcase name="deleteTwitter" time="0.001" classname="frameworkbuild.RestApiTest"/>
  <testcase name="postjira" time="0.0" classname="frameworkbuild.RestApiTest"/>
  <testcase name="BrowserAutomation" time="0.0" classname="frameworkbuild.SeliniumTest"/>
  <testcase name="elementUi" time="0.001" classname="frameworkbuild.SeliniumTest"/>
</testsuite> <!-- Command line test -->
