<?xml version="1.0" encoding="UTF-8"?>
<testng-results skipped="0" failed="0" ignored="0" total="6" passed="6">
  <reporter-output>
  </reporter-output>
  <suite name="Command line suite" duration-ms="74" started-at="2020-12-25T16:48:22 IST" finished-at="2020-12-25T16:48:23 IST">
    <groups>
    </groups>
    <test name="Command line test" duration-ms="74" started-at="2020-12-25T16:48:22 IST" finished-at="2020-12-25T16:48:23 IST">
      <class name="frameworkbuild.AppiumTest">
        <test-method status="PASS" signature="IOSApps()[pri:0, instance:frameworkbuild.AppiumTest@49993335]" name="IOSApps" duration-ms="9" started-at="2020-12-25T16:48:22 IST" finished-at="2020-12-25T16:48:22 IST">
          <reporter-output>
          </reporter-output>
        </test-method> <!-- IOSApps -->
        <test-method status="PASS" signature="NativeAppAndroid()[pri:0, instance:frameworkbuild.AppiumTest@49993335]" name="NativeAppAndroid" duration-ms="1" started-at="2020-12-25T16:48:22 IST" finished-at="2020-12-25T16:48:22 IST">
          <reporter-output>
          </reporter-output>
        </test-method> <!-- NativeAppAndroid -->
      </class> <!-- frameworkbuild.AppiumTest -->
      <class name="frameworkbuild.RestApiTest">
        <test-method status="PASS" signature="deleteTwitter()[pri:0, instance:frameworkbuild.RestApiTest@20322d26]" name="deleteTwitter" duration-ms="1" started-at="2020-12-25T16:48:22 IST" finished-at="2020-12-25T16:48:22 IST">
          <reporter-output>
          </reporter-output>
        </test-method> <!-- deleteTwitter -->
        <test-method status="PASS" signature="postjira()[pri:0, instance:frameworkbuild.RestApiTest@20322d26]" name="postjira" duration-ms="0" started-at="2020-12-25T16:48:22 IST" finished-at="2020-12-25T16:48:22 IST">
          <reporter-output>
          </reporter-output>
        </test-method> <!-- postjira -->
      </class> <!-- frameworkbuild.RestApiTest -->
      <class name="frameworkbuild.SeliniumTest">
        <test-method status="PASS" signature="BrowserAutomation()[pri:0, instance:frameworkbuild.SeliniumTest@192b07fd]" name="BrowserAutomation" duration-ms="0" started-at="2020-12-25T16:48:22 IST" finished-at="2020-12-25T16:48:22 IST">
          <reporter-output>
          </reporter-output>
        </test-method> <!-- BrowserAutomation -->
        <test-method status="PASS" signature="elementUi()[pri:0, instance:frameworkbuild.SeliniumTest@192b07fd]" name="elementUi" duration-ms="1" started-at="2020-12-25T16:48:23 IST" finished-at="2020-12-25T16:48:23 IST">
          <reporter-output>
          </reporter-output>
        </test-method> <!-- elementUi -->
      </class> <!-- frameworkbuild.SeliniumTest -->
    </test> <!-- Command line test -->
  </suite> <!-- Command line suite -->
</testng-results>
